09:57:10.931 [main] INFO  testCases.TC03_InstType - ********Starting Institution Type Test*********
09:57:10.938 [main] INFO  testCases.TC03_InstType - Define the LoginPage Driver
09:57:10.939 [main] INFO  testCases.TC03_InstType - Define the HomePage Driver
09:57:11.074 [main] INFO  testCases.TC03_InstType - Enter the Email Address
09:57:11.188 [main] INFO  testCases.TC03_InstType - Enter Password
09:57:12.130 [main] INFO  testCases.TC03_InstType - Click the the Sigin Button
09:57:12.453 [main] INFO  testCases.TC03_InstType - ********Institution Type Test Completed*********
11:01:27.211 [main] INFO  testCases.TC01_LoginTest - ********Starting Sign to Data Portal Test*********
11:01:27.253 [main] INFO  testCases.TC01_LoginTest - Define the LoginPage Driver
11:01:27.423 [main] INFO  testCases.TC01_LoginTest - Enter the Email Address
11:01:27.533 [main] INFO  testCases.TC01_LoginTest - Enter Password
11:01:28.387 [main] INFO  testCases.TC01_LoginTest - Click the the Sigin Button
11:01:28.539 [main] INFO  testCases.TC01_LoginTest - ********Sign to Data Portal Test Completed*********
11:01:34.028 [main] INFO  testCases.TC03_InstType - ********Starting Institution Type Test*********
11:01:34.029 [main] INFO  testCases.TC03_InstType - Define the LoginPage Driver
11:01:34.031 [main] INFO  testCases.TC03_InstType - Define the HomePage Driver
11:01:34.179 [main] INFO  testCases.TC03_InstType - Enter the Email Address
11:01:34.294 [main] INFO  testCases.TC03_InstType - Enter Password
11:01:35.034 [main] INFO  testCases.TC03_InstType - Click the the Sigin Button
11:01:35.272 [main] INFO  testCases.TC03_InstType - ********Institution Type Test Completed*********
11:05:38.802 [main] INFO  testCases.TC01_LoginTest - ********Starting Sign to Data Portal Test*********
11:05:38.832 [main] INFO  testCases.TC01_LoginTest - Define the LoginPage Driver
11:05:39.002 [main] INFO  testCases.TC01_LoginTest - Enter the Email Address
11:05:39.119 [main] INFO  testCases.TC01_LoginTest - Enter Password
11:05:39.700 [main] INFO  testCases.TC01_LoginTest - Click the the Sigin Button
11:05:39.997 [main] INFO  testCases.TC01_LoginTest - ********Sign to Data Portal Test Completed*********
11:05:45.641 [main] INFO  testCases.TC03_InstType - ********Starting Institution Type Test*********
11:05:45.641 [main] INFO  testCases.TC03_InstType - Define the LoginPage Driver
11:05:45.645 [main] INFO  testCases.TC03_InstType - Define the HomePage Driver
11:05:45.840 [main] INFO  testCases.TC03_InstType - Enter the Email Address
11:05:45.992 [main] INFO  testCases.TC03_InstType - Enter Password
11:05:46.724 [main] INFO  testCases.TC03_InstType - Click the the Sigin Button
11:05:46.973 [main] INFO  testCases.TC03_InstType - ********Institution Type Test Completed*********
00:07:20.571 [main] INFO  org.testng.internal.Utils - [TestNG] Running:
  C:\Users\OluwasegunOjeyinka\eclipse-workspace\NWCCU\master.xml

10:31:42.215 [main] INFO  org.testng.internal.Utils - [TestNG] Running:
  C:\Users\OluwasegunOjeyinka\eclipse-workspace\NWCCU\master.xml

10:41:53.167 [main] INFO  org.testng.internal.Utils - [TestNG] Running:
  C:\Users\OluwasegunOjeyinka\eclipse-workspace\NWCCU\master.xml

11:02:09.873 [main] INFO  org.testng.internal.Utils - [TestNG] Running:
  C:\Users\OluwasegunOjeyinka\eclipse-workspace\NWCCU\master.xml

11:15:02.648 [main] INFO  org.testng.internal.Utils - [TestNG] Running:
  C:\Users\OluwasegunOjeyinka\eclipse-workspace\NWCCU\master.xml

11:55:47.428 [main] INFO  org.testng.internal.Utils - [TestNG] Running:
  C:\Users\OluwasegunOjeyinka\eclipse-workspace\NWCCU\master.xml

12:00:13.739 [main] INFO  org.testng.internal.Utils - [TestNG] Running:
  C:\Users\OluwasegunOjeyinka\eclipse-workspace\NWCCU\master.xml

12:13:50.719 [main] INFO  org.testng.internal.Utils - [TestNG] Running:
  C:\Users\OluwasegunOjeyinka\eclipse-workspace\NWCCU\grid-docker.xml

13:40:50.302 [main] INFO  org.testng.internal.Utils - [TestNG] Running:
  C:\Users\OluwasegunOjeyinka\eclipse-workspace\NWCCU\grid-docker.xml

06:13:46.100 [main] INFO  org.testng.internal.Utils - [TestNG] Running:
  C:\Users\OluwasegunOjeyinka\eclipse-workspace\NWCCU\master.xml

08:41:59.833 [main] INFO  org.testng.internal.Utils - [TestNG] Running:
  C:\Users\OluwasegunOjeyinka\eclipse-workspace\NWCCU\master.xml

11:36:02.692 [main] INFO  org.testng.internal.Utils - [TestNG] Running:
  C:\Users\OluwasegunOjeyinka\eclipse-workspace\NWCCU\master.xml

00:53:47.632 [main] INFO  org.testng.internal.Utils - [TestNG] Running:
  C:\Users\OluwasegunOjeyinka\eclipse-workspace\NWCCU\master.xml

08:27:32.530 [main] INFO  org.testng.internal.Utils - [TestNG] Running:
  C:\Users\OluwasegunOjeyinka\eclipse-workspace\NWCCU\master.xml

11:15:30.981 [main] INFO  org.testng.internal.Utils - [TestNG] Running:
  C:\Users\OluwasegunOjeyinka\eclipse-workspace\NWCCU\master.xml

15:17:43.090 [main] INFO  org.testng.internal.Utils - [TestNG] Running:
  C:\Users\OluwasegunOjeyinka\eclipse-workspace\NWCCU\master.xml

