06:21:45.344 [main] INFO  testCases.TC01_LoginTest - Enter the Email Address
06:21:45.595 [main] INFO  testCases.TC01_LoginTest - Enter Password
06:21:46.901 [main] INFO  testCases.TC01_LoginTest - Click the the Sigin Button
06:21:47.215 [main] INFO  testCases.TC01_LoginTest - ********Sign to Data Portal Test Completed*********
06:21:53.502 [main] INFO  testCases.TC03_InstType - ********Starting Institution Type Test*********
06:21:53.502 [main] INFO  testCases.TC03_InstType - Define the LoginPage Driver
06:21:53.533 [main] INFO  testCases.TC03_InstType - Define the HomePage Driver
06:21:53.803 [main] INFO  testCases.TC03_InstType - Enter the Email Address
06:21:53.969 [main] INFO  testCases.TC03_InstType - Enter Password
06:21:55.244 [main] INFO  testCases.TC03_InstType - Click the the Sigin Button
06:21:55.694 [main] INFO  testCases.TC03_InstType - ********Institution Type Test Completed*********
06:22:08.340 [main] INFO  testCases.TC01_LoginTest - ********Starting Sign to Data Portal Test*********
06:22:08.346 [main] INFO  testCases.TC01_LoginTest - Define the LoginPage Driver
06:22:08.450 [main] INFO  testCases.TC01_LoginTest - Enter the Email Address
06:22:08.517 [main] INFO  testCases.TC01_LoginTest - Enter Password
06:22:09.811 [main] INFO  testCases.TC01_LoginTest - Click the the Sigin Button
06:22:10.013 [main] INFO  testCases.TC01_LoginTest - ********Sign to Data Portal Test Completed*********
06:22:15.929 [main] INFO  testCases.TC03_InstType - ********Starting Institution Type Test*********
06:22:15.936 [main] INFO  testCases.TC03_InstType - Define the LoginPage Driver
06:22:15.936 [main] INFO  testCases.TC03_InstType - Define the HomePage Driver
06:22:16.001 [main] INFO  testCases.TC03_InstType - Enter the Email Address
06:22:16.035 [main] INFO  testCases.TC03_InstType - Enter Password
06:22:17.072 [main] INFO  testCases.TC03_InstType - Click the the Sigin Button
06:22:17.329 [main] INFO  testCases.TC03_InstType - ********Institution Type Test Completed*********
06:22:34.504 [main] INFO  org.testng.internal.Utils - [TestNG] Running:
  C:\Users\OluwasegunOjeyinka\eclipse-workspace\NWCCU\grid-docker.xml

06:22:40.835 [main] INFO  testCases.TC01_LoginTest - ********Starting Sign to Data Portal Test*********
06:22:40.852 [main] INFO  testCases.TC01_LoginTest - Define the LoginPage Driver
06:22:41.152 [main] INFO  testCases.TC01_LoginTest - Enter the Email Address
06:22:41.412 [main] INFO  testCases.TC01_LoginTest - Enter Password
06:22:42.640 [main] INFO  testCases.TC01_LoginTest - Click the the Sigin Button
06:22:42.893 [main] INFO  testCases.TC01_LoginTest - ********Sign to Data Portal Test Completed*********
06:22:48.945 [main] INFO  testCases.TC03_InstType - ********Starting Institution Type Test*********
06:22:48.948 [main] INFO  testCases.TC03_InstType - Define the LoginPage Driver
06:22:48.951 [main] INFO  testCases.TC03_InstType - Define the HomePage Driver
06:22:49.284 [main] INFO  testCases.TC03_InstType - Enter the Email Address
06:22:49.517 [main] INFO  testCases.TC03_InstType - Enter Password
06:22:50.857 [main] INFO  testCases.TC03_InstType - Click the the Sigin Button
06:22:51.407 [main] INFO  testCases.TC03_InstType - ********Institution Type Test Completed*********
06:23:00.705 [main] INFO  testCases.TC01_LoginTest - ********Starting Sign to Data Portal Test*********
06:23:00.716 [main] INFO  testCases.TC01_LoginTest - Define the LoginPage Driver
06:23:00.755 [main] INFO  testCases.TC01_LoginTest - Enter the Email Address
06:23:00.801 [main] INFO  testCases.TC01_LoginTest - Enter Password
06:23:02.232 [main] INFO  testCases.TC01_LoginTest - Click the the Sigin Button
06:23:02.445 [main] INFO  testCases.TC01_LoginTest - ********Sign to Data Portal Test Completed*********
06:23:08.383 [main] INFO  testCases.TC03_InstType - ********Starting Institution Type Test*********
06:23:08.386 [main] INFO  testCases.TC03_InstType - Define the LoginPage Driver
06:23:08.386 [main] INFO  testCases.TC03_InstType - Define the HomePage Driver
06:23:08.469 [main] INFO  testCases.TC03_InstType - Enter the Email Address
06:23:08.521 [main] INFO  testCases.TC03_InstType - Enter Password
06:23:09.584 [main] INFO  testCases.TC03_InstType - Click the the Sigin Button
06:23:09.907 [main] INFO  testCases.TC03_InstType - ********Institution Type Test Completed*********
06:28:29.581 [main] INFO  org.testng.internal.Utils - [TestNG] Running:
  C:\Users\OluwasegunOjeyinka\eclipse-workspace\NWCCU\grid-docker.xml

06:28:36.089 [main] INFO  testCases.TC01_LoginTest - ********Starting Sign to Data Portal Test*********
06:28:36.104 [main] INFO  testCases.TC01_LoginTest - Define the LoginPage Driver
06:28:36.389 [main] INFO  testCases.TC01_LoginTest - Enter the Email Address
06:28:36.602 [main] INFO  testCases.TC01_LoginTest - Enter Password
06:28:37.992 [main] INFO  testCases.TC01_LoginTest - Click the the Sigin Button
06:28:38.333 [main] INFO  testCases.TC01_LoginTest - ********Sign to Data Portal Test Completed*********
