10:32:57.560 [main] INFO  testCases.TC04_EditMember - Click the the Sigin Button
13:58:54.417 [main] INFO  org.testng.internal.Utils - [TestNG] Running:
  C:\Users\OluwasegunOjeyinka\eclipse-workspace\NWCCU\master.xml

13:59:06.738 [main] INFO  testCases.TC01_LoginTest - ********Starting Sign to Data Portal Test*********
13:59:06.757 [main] INFO  testCases.TC01_LoginTest - Define the LoginPage Driver
13:59:07.298 [main] INFO  testCases.TC01_LoginTest - Enter the Email Address
13:59:07.591 [main] INFO  testCases.TC01_LoginTest - Enter Password
13:59:08.894 [main] INFO  testCases.TC01_LoginTest - Click the the Sigin Button
13:59:09.288 [main] INFO  testCases.TC01_LoginTest - ********Sign to Data Portal Test Completed*********
13:59:26.614 [main] INFO  testCases.TC03_InstType - ********Starting Institution Type Test*********
13:59:26.615 [main] INFO  testCases.TC03_InstType - Define the LoginPage Driver
13:59:26.623 [main] INFO  testCases.TC03_InstType - Define the HomePage Driver
13:59:26.894 [main] INFO  testCases.TC03_InstType - Enter the Email Address
13:59:27.034 [main] INFO  testCases.TC03_InstType - Enter Password
13:59:27.871 [main] INFO  testCases.TC03_InstType - Click the the Sigin Button
13:59:28.274 [main] INFO  testCases.TC03_InstType - ********Institution Type Test Completed*********
13:59:45.039 [main] INFO  testCases.TC04_EditMember - ********Starting Edit Member Test*********
13:59:45.040 [main] INFO  testCases.TC04_EditMember - Define the LoginPage Driver
13:59:45.042 [main] INFO  testCases.TC04_EditMember - Define the HomePage Driver
13:59:45.203 [main] INFO  testCases.TC04_EditMember - Enter the Email Address
13:59:45.378 [main] INFO  testCases.TC04_EditMember - Enter Password
13:59:46.379 [main] INFO  testCases.TC04_EditMember - Click the the Sigin Button
09:13:22.843 [main] INFO  org.testng.internal.Utils - [TestNG] Running:
  C:\Users\OluwasegunOjeyinka\eclipse-workspace\NWCCU\master.xml

09:13:32.643 [main] INFO  testCases.TC01_LoginTest - ********Starting Sign to Data Portal Test*********
09:13:32.652 [main] INFO  testCases.TC01_LoginTest - Define the LoginPage Driver
09:13:32.839 [main] INFO  testCases.TC01_LoginTest - Enter the Email Address
09:13:32.989 [main] INFO  testCases.TC01_LoginTest - Enter Password
09:13:33.965 [main] INFO  testCases.TC01_LoginTest - Click the the Sigin Button
09:13:34.296 [main] INFO  testCases.TC01_LoginTest - ********Sign to Data Portal Test Completed*********
09:13:51.403 [main] INFO  testCases.TC03_InstType - ********Starting Institution Type Test*********
09:13:51.403 [main] INFO  testCases.TC03_InstType - Define the LoginPage Driver
09:13:51.406 [main] INFO  testCases.TC03_InstType - Define the HomePage Driver
09:13:51.594 [main] INFO  testCases.TC03_InstType - Enter the Email Address
09:13:51.769 [main] INFO  testCases.TC03_InstType - Enter Password
09:13:52.692 [main] INFO  testCases.TC03_InstType - Click the the Sigin Button
09:13:53.113 [main] INFO  testCases.TC03_InstType - ********Institution Type Test Completed*********
09:14:09.927 [main] INFO  testCases.TC04_EditMember - ********Starting Edit Member Test*********
09:14:09.927 [main] INFO  testCases.TC04_EditMember - Define the LoginPage Driver
09:14:09.929 [main] INFO  testCases.TC04_EditMember - Define the HomePage Driver
09:14:10.194 [main] INFO  testCases.TC04_EditMember - Enter the Email Address
09:14:10.302 [main] INFO  testCases.TC04_EditMember - Enter Password
09:14:11.199 [main] INFO  testCases.TC04_EditMember - Click the the Sigin Button
09:14:38.917 [main] INFO  testCases.TC05_AddInstitution - ********Starting Edit Member Test*********
09:14:38.918 [main] INFO  testCases.TC05_AddInstitution - Define the LoginPage Driver
09:14:38.919 [main] INFO  testCases.TC05_AddInstitution - Define the HomePage Driver
09:14:39.117 [main] INFO  testCases.TC05_AddInstitution - Enter the Email Address
09:14:39.236 [main] INFO  testCases.TC05_AddInstitution - Enter Password
09:14:40.203 [main] INFO  testCases.TC05_AddInstitution - Click the the Sigin Button
09:14:42.091 [main] INFO  testCases.TC05_AddInstitution - ********Add Institution Test Completed*********
09:59:28.166 [main] INFO  testCases.TC01_LoginTest - ********Starting Sign to Data Portal Test*********
09:59:28.232 [main] INFO  testCases.TC01_LoginTest - Define the LoginPage Driver
09:59:28.629 [main] INFO  testCases.TC01_LoginTest - Enter the Email Address
09:59:28.916 [main] INFO  testCases.TC01_LoginTest - Enter Password
09:59:30.095 [main] INFO  testCases.TC01_LoginTest - Click the the Sigin Button
09:59:30.487 [main] INFO  testCases.TC01_LoginTest - ********Sign to Data Portal Test Completed*********
09:59:47.822 [main] INFO  testCases.TC03_InstType - ********Starting Institution Type Test*********
09:59:47.823 [main] INFO  testCases.TC03_InstType - Define the LoginPage Driver
09:59:47.855 [main] INFO  testCases.TC03_InstType - Define the HomePage Driver
09:59:48.283 [main] INFO  testCases.TC03_InstType - Enter the Email Address
