12:29:01.149 [main] INFO  testCases.TC01_LoginTest - ********Starting Sign to Data Portal Test*********
12:29:01.172 [main] INFO  testCases.TC01_LoginTest - Define the LoginPage Driver
12:34:45.972 [main] INFO  org.testng.internal.Utils - [TestNG] Running:
  C:\Users\OluwasegunOjeyinka\eclipse-workspace\NWCCU\grid-docker.xml

12:34:46.245 [main] INFO  testCases.TC01_LoginTest - ********Starting Sign to Data Portal Test*********
12:34:46.260 [main] INFO  testCases.TC01_LoginTest - Define the LoginPage Driver
12:36:56.858 [main] INFO  org.testng.internal.Utils - [TestNG] Running:
  C:\Users\OluwasegunOjeyinka\eclipse-workspace\NWCCU\grid-docker.xml

12:36:57.138 [main] INFO  testCases.TC01_LoginTest - ********Starting Sign to Data Portal Test*********
12:36:57.199 [main] INFO  testCases.TC01_LoginTest - Define the LoginPage Driver
12:41:38.815 [main] INFO  org.testng.internal.Utils - [TestNG] Running:
  C:\Users\OluwasegunOjeyinka\eclipse-workspace\NWCCU\grid-docker.xml

12:42:12.185 [main] INFO  testCases.TC01_LoginTest - ********Starting Sign to Data Portal Test*********
12:42:12.255 [main] INFO  testCases.TC01_LoginTest - Define the LoginPage Driver
12:42:12.675 [main] INFO  testCases.TC01_LoginTest - Enter the Email Address
12:42:12.866 [main] INFO  testCases.TC01_LoginTest - Enter Password
12:42:14.054 [main] INFO  testCases.TC01_LoginTest - Click the the Sigin Button
12:42:14.503 [main] INFO  testCases.TC01_LoginTest - ********Sign to Data Portal Test Completed*********
12:42:21.322 [main] INFO  testCases.TC03_InstType - ********Starting Institution Type Test*********
12:42:21.323 [main] INFO  testCases.TC03_InstType - Define the LoginPage Driver
12:42:21.327 [main] INFO  testCases.TC03_InstType - Define the HomePage Driver
12:42:21.528 [main] INFO  testCases.TC03_InstType - Enter the Email Address
12:42:21.666 [main] INFO  testCases.TC03_InstType - Enter Password
12:42:22.781 [main] INFO  testCases.TC03_InstType - Click the the Sigin Button
12:42:23.107 [main] INFO  testCases.TC03_InstType - ********Institution Type Test Completed*********
12:43:42.991 [main] INFO  org.testng.internal.Utils - [TestNG] Running:
  C:\Users\OluwasegunOjeyinka\eclipse-workspace\NWCCU\grid-docker.xml

12:43:43.275 [main] INFO  testCases.TC01_LoginTest - ********Starting Sign to Data Portal Test*********
12:43:43.298 [main] INFO  testCases.TC01_LoginTest - Define the LoginPage Driver
12:44:39.415 [main] INFO  org.testng.internal.Utils - [TestNG] Running:
  C:\Users\OluwasegunOjeyinka\eclipse-workspace\NWCCU\grid-docker.xml

12:44:39.731 [main] INFO  testCases.TC01_LoginTest - ********Starting Sign to Data Portal Test*********
12:44:39.760 [main] INFO  testCases.TC01_LoginTest - Define the LoginPage Driver
12:46:16.486 [main] INFO  org.testng.internal.Utils - [TestNG] Running:
  C:\Users\OluwasegunOjeyinka\eclipse-workspace\NWCCU\grid-docker.xml

12:46:16.766 [main] INFO  testCases.TC01_LoginTest - ********Starting Sign to Data Portal Test*********
12:46:16.780 [main] INFO  testCases.TC01_LoginTest - Define the LoginPage Driver
12:46:42.936 [main] INFO  org.testng.internal.Utils - [TestNG] Running:
  C:\Users\OluwasegunOjeyinka\eclipse-workspace\NWCCU\grid-docker.xml

12:46:49.435 [main] INFO  testCases.TC01_LoginTest - ********Starting Sign to Data Portal Test*********
12:46:49.458 [main] INFO  testCases.TC01_LoginTest - Define the LoginPage Driver
12:46:49.719 [main] INFO  testCases.TC01_LoginTest - Enter the Email Address
12:46:49.948 [main] INFO  testCases.TC01_LoginTest - Enter Password
12:46:50.900 [main] INFO  testCases.TC01_LoginTest - Click the the Sigin Button
12:46:51.288 [main] INFO  testCases.TC01_LoginTest - ********Sign to Data Portal Test Completed*********
12:46:57.119 [main] INFO  testCases.TC03_InstType - ********Starting Institution Type Test*********
12:46:57.129 [main] INFO  testCases.TC03_InstType - Define the LoginPage Driver
12:46:57.129 [main] INFO  testCases.TC03_InstType - Define the HomePage Driver
12:46:57.319 [main] INFO  testCases.TC03_InstType - Enter the Email Address
12:46:57.456 [main] INFO  testCases.TC03_InstType - Enter Password
12:46:58.468 [main] INFO  testCases.TC03_InstType - Click the the Sigin Button
12:46:59.003 [main] INFO  testCases.TC03_InstType - ********Institution Type Test Completed*********
12:49:17.861 [main] INFO  org.testng.internal.Utils - [TestNG] Running:
  C:\Users\OluwasegunOjeyinka\eclipse-workspace\NWCCU\grid-docker.xml

12:49:18.149 [main] INFO  testCases.TC01_LoginTest - ********Starting Sign to Data Portal Test*********
12:49:18.167 [main] INFO  testCases.TC01_LoginTest - Define the LoginPage Driver
12:55:47.707 [main] INFO  org.testng.internal.Utils - [TestNG] Running:
  C:\Users\OluwasegunOjeyinka\eclipse-workspace\NWCCU\grid-docker.xml

13:05:42.159 [main] INFO  org.testng.internal.Utils - [TestNG] Running:
  C:\Users\OluwasegunOjeyinka\eclipse-workspace\NWCCU\grid-docker.xml

13:13:29.310 [main] INFO  org.testng.internal.Utils - [TestNG] Running:
  C:\Users\OluwasegunOjeyinka\eclipse-workspace\NWCCU\grid-docker.xml

