13:55:49.153 [main] INFO  testCases.TC01_LoginTest - Define the LoginPage Driver
13:55:49.374 [main] INFO  testCases.TC01_LoginTest - Enter the Email Address
13:55:49.453 [main] INFO  testCases.TC01_LoginTest - Enter Password
13:55:50.769 [main] INFO  testCases.TC01_LoginTest - Click the the Sigin Button
13:55:51.023 [main] INFO  testCases.TC01_LoginTest - ********Sign to Data Portal Test Completed*********
13:56:12.759 [main] INFO  org.testng.internal.Utils - [TestNG] Running:
  C:\Users\OluwasegunOjeyinka\eclipse-workspace\NWCCU\master.xml

13:56:23.132 [main] INFO  testCases.TC01_LoginTest - ********Starting Sign to Data Portal Test*********
13:56:23.153 [main] INFO  testCases.TC01_LoginTest - Define the LoginPage Driver
13:56:23.231 [main] INFO  testCases.TC01_LoginTest - Enter the Email Address
13:56:23.287 [main] INFO  testCases.TC01_LoginTest - Enter Password
13:56:24.175 [main] INFO  testCases.TC01_LoginTest - Click the the Sigin Button
13:56:24.304 [main] INFO  testCases.TC01_LoginTest - ********Sign to Data Portal Test Completed*********
13:56:51.876 [main] INFO  org.testng.internal.Utils - [TestNG] Running:
  C:\Users\OluwasegunOjeyinka\eclipse-workspace\NWCCU\master.xml

13:57:09.069 [main] INFO  org.testng.internal.Utils - [TestNG] Running:
  C:\Users\OluwasegunOjeyinka\eclipse-workspace\NWCCU\master.xml

13:57:41.662 [main] INFO  org.testng.internal.Utils - [TestNG] Running:
  C:\Users\OluwasegunOjeyinka\eclipse-workspace\NWCCU\master.xml

13:57:48.498 [main] INFO  testCases.TC01_LoginTest - ********Starting Sign to Data Portal Test*********
13:57:48.522 [main] INFO  testCases.TC01_LoginTest - Define the LoginPage Driver
13:57:48.789 [main] INFO  testCases.TC01_LoginTest - Enter the Email Address
13:57:48.916 [main] INFO  testCases.TC01_LoginTest - Enter Password
13:57:50.079 [main] INFO  testCases.TC01_LoginTest - Click the the Sigin Button
13:57:50.221 [main] INFO  testCases.TC01_LoginTest - ********Sign to Data Portal Test Completed*********
14:05:27.485 [main] INFO  org.testng.internal.Utils - [TestNG] Running:
  C:\Users\OluwasegunOjeyinka\eclipse-workspace\NWCCU\crossbrowsertesting.xml

14:05:34.060 [main] INFO  testCases.TC01_LoginTest - ********Starting Sign to Data Portal Test*********
14:05:34.075 [main] INFO  testCases.TC01_LoginTest - Define the LoginPage Driver
14:05:34.362 [main] INFO  testCases.TC01_LoginTest - Enter the Email Address
14:05:34.480 [main] INFO  testCases.TC01_LoginTest - Enter Password
14:05:35.781 [main] INFO  testCases.TC01_LoginTest - Click the the Sigin Button
14:05:35.982 [main] INFO  testCases.TC01_LoginTest - ********Sign to Data Portal Test Completed*********
14:05:40.961 [main] INFO  testCases.TC01_LoginTest - ********Starting Sign to Data Portal Test*********
14:05:40.961 [main] INFO  testCases.TC01_LoginTest - Define the LoginPage Driver
14:05:41.024 [main] INFO  testCases.TC01_LoginTest - Enter the Email Address
14:05:41.048 [main] INFO  testCases.TC01_LoginTest - Enter Password
14:05:41.811 [main] INFO  testCases.TC01_LoginTest - Click the the Sigin Button
14:05:41.900 [main] INFO  testCases.TC01_LoginTest - ********Sign to Data Portal Test Completed*********
14:06:23.434 [main] INFO  org.testng.internal.Utils - [TestNG] Running:
  C:\Users\OluwasegunOjeyinka\eclipse-workspace\NWCCU\crossbrowsertesting.xml

14:06:30.041 [main] INFO  testCases.TC01_LoginTest - ********Starting Sign to Data Portal Test*********
14:06:30.057 [main] INFO  testCases.TC01_LoginTest - Define the LoginPage Driver
14:06:30.175 [main] INFO  testCases.TC01_LoginTest - Enter the Email Address
14:06:30.374 [main] INFO  testCases.TC01_LoginTest - Enter Password
14:06:31.622 [main] INFO  testCases.TC01_LoginTest - Click the the Sigin Button
14:06:31.848 [main] INFO  testCases.TC01_LoginTest - ********Sign to Data Portal Test Completed*********
14:06:37.010 [main] INFO  testCases.TC01_LoginTest - ********Starting Sign to Data Portal Test*********
14:06:37.011 [main] INFO  testCases.TC01_LoginTest - Define the LoginPage Driver
14:06:37.125 [main] INFO  testCases.TC01_LoginTest - Enter the Email Address
14:06:37.214 [main] INFO  testCases.TC01_LoginTest - Enter Password
14:06:38.204 [main] INFO  testCases.TC01_LoginTest - Click the the Sigin Button
14:06:38.293 [main] INFO  testCases.TC01_LoginTest - ********Sign to Data Portal Test Completed*********
14:07:58.272 [main] INFO  org.testng.internal.Utils - [TestNG] Running:
  C:\Users\OluwasegunOjeyinka\eclipse-workspace\NWCCU\crossbrowsertesting.xml

14:08:03.481 [TestNG-tests-3] INFO  testCases.TC01_LoginTest - ********Starting Sign to Data Portal Test*********
14:08:03.506 [TestNG-tests-3] INFO  testCases.TC01_LoginTest - Define the LoginPage Driver
14:08:03.596 [TestNG-tests-3] INFO  testCases.TC01_LoginTest - Enter the Email Address
14:08:03.620 [TestNG-tests-3] INFO  testCases.TC01_LoginTest - Enter Password
14:08:04.442 [TestNG-tests-3] INFO  testCases.TC01_LoginTest - Click the the Sigin Button
