11:24:58.429 [main] INFO  testCases.TC02_LoginDDT - Click the the Sigin Button
11:25:08.821 [main] INFO  testCases.TC02_LoginDDT - ********Starting Data Driven Login Test*********
11:25:08.823 [main] INFO  testCases.TC02_LoginDDT - Define the LoginPage Driver
11:25:09.266 [main] INFO  testCases.TC02_LoginDDT - Enter the Email Address
11:25:09.584 [main] INFO  testCases.TC02_LoginDDT - Enter Password
11:25:09.730 [main] INFO  testCases.TC02_LoginDDT - Click the the Sigin Button
11:25:20.197 [main] INFO  testCases.TC02_LoginDDT - ********Starting Data Driven Login Test*********
11:25:20.199 [main] INFO  testCases.TC02_LoginDDT - Define the LoginPage Driver
11:25:20.677 [main] INFO  testCases.TC02_LoginDDT - Enter the Email Address
11:25:21.007 [main] INFO  testCases.TC02_LoginDDT - Enter Password
11:25:21.613 [main] INFO  testCases.TC02_LoginDDT - Click the the Sigin Button
11:25:31.929 [main] INFO  testCases.TC02_LoginDDT - ********Starting Data Driven Login Test*********
11:25:31.929 [main] INFO  testCases.TC02_LoginDDT - Define the LoginPage Driver
11:25:32.536 [main] INFO  testCases.TC02_LoginDDT - Enter the Email Address
11:25:32.874 [main] INFO  testCases.TC02_LoginDDT - Enter Password
11:25:33.870 [main] INFO  testCases.TC02_LoginDDT - Click the the Sigin Button
11:25:34.142 [main] INFO  testCases.TC02_LoginDDT - Click the User Menu
11:25:34.278 [main] INFO  testCases.TC02_LoginDDT - Click the Button
11:25:34.278 [main] INFO  testCases.TC02_LoginDDT - ********Data Driven Login Test Completed*********
12:05:38.672 [main] INFO  org.testng.internal.Utils - [TestNG] Running:
  C:\Users\OluwasegunOjeyinka\eclipse-workspace\NWCCU\master.xml

12:07:03.357 [main] INFO  org.testng.internal.Utils - [TestNG] Running:
  C:\Users\OluwasegunOjeyinka\eclipse-workspace\NWCCU\master.xml

12:08:14.057 [main] INFO  org.testng.internal.Utils - [TestNG] Running:
  C:\Users\OluwasegunOjeyinka\eclipse-workspace\NWCCU\master.xml

12:08:22.735 [main] INFO  testCases.TC01_LoginTest - ********Starting Sign to Data Portal Test*********
12:08:22.763 [main] INFO  testCases.TC01_LoginTest - Define the LoginPage Driver
12:08:23.056 [main] INFO  testCases.TC01_LoginTest - Enter the Email Address
12:08:23.257 [main] INFO  testCases.TC01_LoginTest - Enter Password
12:08:24.547 [main] INFO  testCases.TC01_LoginTest - Click the the Sigin Button
12:08:24.859 [main] INFO  testCases.TC01_LoginTest - ********Sign to Data Portal Test Completed*********
12:09:39.861 [main] INFO  org.testng.internal.Utils - [TestNG] Running:
  C:\Users\OluwasegunOjeyinka\eclipse-workspace\NWCCU\master.xml

12:11:57.769 [main] INFO  org.testng.internal.Utils - [TestNG] Running:
  C:\Users\OluwasegunOjeyinka\eclipse-workspace\NWCCU\master.xml

12:12:18.447 [main] INFO  org.testng.internal.Utils - [TestNG] Running:
  C:\Users\OluwasegunOjeyinka\eclipse-workspace\NWCCU\master.xml

12:14:29.757 [main] INFO  org.testng.internal.Utils - [TestNG] Running:
  C:\Users\OluwasegunOjeyinka\eclipse-workspace\NWCCU\master.xml

12:14:36.338 [main] INFO  testCases.TC03_InstType - ********Starting Institution Type Test*********
12:14:36.348 [main] INFO  testCases.TC03_InstType - Define the LoginPage Driver
12:14:36.349 [main] INFO  testCases.TC03_InstType - Define the HomePage Driver
12:14:36.627 [main] INFO  testCases.TC03_InstType - Enter the Email Address
12:14:36.856 [main] INFO  testCases.TC03_InstType - Enter Password
12:14:38.255 [main] INFO  testCases.TC03_InstType - Click the the Sigin Button
12:14:38.709 [main] INFO  testCases.TC03_InstType - ********Institution Type Test Completed*********
12:14:49.338 [main] INFO  org.testng.internal.Utils - [TestNG] Running:
  C:\Users\OluwasegunOjeyinka\eclipse-workspace\NWCCU\master.xml

12:14:55.985 [main] INFO  testCases.TC03_InstType - ********Starting Institution Type Test*********
12:14:55.999 [main] INFO  testCases.TC03_InstType - Define the LoginPage Driver
12:14:56.001 [main] INFO  testCases.TC03_InstType - Define the HomePage Driver
12:14:56.270 [main] INFO  testCases.TC03_InstType - Enter the Email Address
12:14:56.435 [main] INFO  testCases.TC03_InstType - Enter Password
12:14:57.695 [main] INFO  testCases.TC03_InstType - Click the the Sigin Button
12:14:58.137 [main] INFO  testCases.TC03_InstType - ********Institution Type Test Completed*********
13:45:44.366 [main] INFO  org.testng.internal.Utils - [TestNG] Running:
  C:\Users\OluwasegunOjeyinka\eclipse-workspace\NWCCU\grouping.xml

13:45:53.190 [main] INFO  testCases.TC01_LoginTest - ********Starting Sign to Data Portal Test*********
13:45:53.214 [main] INFO  testCases.TC01_LoginTest - Define the LoginPage Driver
13:45:53.453 [main] INFO  testCases.TC01_LoginTest - Enter the Email Address
13:45:53.663 [main] INFO  testCases.TC01_LoginTest - Enter Password
13:45:54.993 [main] INFO  testCases.TC01_LoginTest - Click the the Sigin Button
13:45:55.375 [main] INFO  testCases.TC01_LoginTest - ********Sign to Data Portal Test Completed*********
