07:25:33.738 [main] INFO  testCases.TC01_LoginTest - ********Sign to Data Portal Test Completed*********
07:26:52.512 [main] INFO  org.testng.internal.Utils - [TestNG] Running:
  C:\Users\OluwasegunOjeyinka\eclipse-workspace\NWCCU\grid-docker.xml

07:31:08.702 [main] INFO  testCases.TC03_InstType - ********Starting Institution Type Test*********
07:31:08.723 [main] INFO  testCases.TC03_InstType - Define the LoginPage Driver
07:31:08.725 [main] INFO  testCases.TC03_InstType - Define the HomePage Driver
07:31:08.878 [main] INFO  testCases.TC03_InstType - Enter the Email Address
07:31:09.006 [main] INFO  testCases.TC03_InstType - Enter Password
07:31:09.810 [main] INFO  testCases.TC03_InstType - Click the the Sigin Button
07:31:10.051 [main] INFO  testCases.TC03_InstType - ********Institution Type Test Completed*********
07:31:16.326 [main] INFO  testCases.TC01_LoginTest - ********Starting Sign to Data Portal Test*********
07:31:16.327 [main] INFO  testCases.TC01_LoginTest - Define the LoginPage Driver
07:31:16.410 [main] INFO  testCases.TC01_LoginTest - Enter the Email Address
07:31:16.480 [main] INFO  testCases.TC01_LoginTest - Enter Password
07:31:17.253 [main] INFO  testCases.TC01_LoginTest - Click the the Sigin Button
07:31:17.433 [main] INFO  testCases.TC01_LoginTest - ********Sign to Data Portal Test Completed*********
07:31:20.701 [main] INFO  testCases.TC03_InstType - ********Starting Institution Type Test*********
07:31:20.702 [main] INFO  testCases.TC03_InstType - Define the LoginPage Driver
07:31:20.702 [main] INFO  testCases.TC03_InstType - Define the HomePage Driver
07:31:20.814 [main] INFO  testCases.TC03_InstType - Enter the Email Address
07:31:20.900 [main] INFO  testCases.TC03_InstType - Enter Password
07:31:21.613 [main] INFO  testCases.TC03_InstType - Click the the Sigin Button
07:31:21.901 [main] INFO  testCases.TC03_InstType - ********Institution Type Test Completed*********
09:41:37.146 [main] INFO  org.testng.internal.Utils - [TestNG] Running:
  C:\Users\OluwasegunOjeyinka\eclipse-workspace\NWCCU\grid-docker.xml

09:41:43.709 [main] INFO  testCases.TC01_LoginTest - ********Starting Sign to Data Portal Test*********
09:41:43.725 [main] INFO  testCases.TC01_LoginTest - Define the LoginPage Driver
09:41:43.916 [main] INFO  testCases.TC01_LoginTest - Enter the Email Address
09:41:44.090 [main] INFO  testCases.TC01_LoginTest - Enter Password
09:41:44.956 [main] INFO  testCases.TC01_LoginTest - Click the the Sigin Button
09:41:45.175 [main] INFO  testCases.TC01_LoginTest - ********Sign to Data Portal Test Completed*********
09:41:49.750 [main] INFO  testCases.TC03_InstType - ********Starting Institution Type Test*********
09:41:49.751 [main] INFO  testCases.TC03_InstType - Define the LoginPage Driver
09:41:49.753 [main] INFO  testCases.TC03_InstType - Define the HomePage Driver
09:41:49.922 [main] INFO  testCases.TC03_InstType - Enter the Email Address
09:41:50.074 [main] INFO  testCases.TC03_InstType - Enter Password
09:41:50.910 [main] INFO  testCases.TC03_InstType - Click the the Sigin Button
09:41:51.268 [main] INFO  testCases.TC03_InstType - ********Institution Type Test Completed*********
09:41:57.972 [main] INFO  testCases.TC01_LoginTest - ********Starting Sign to Data Portal Test*********
09:41:57.972 [main] INFO  testCases.TC01_LoginTest - Define the LoginPage Driver
09:41:58.144 [main] INFO  testCases.TC01_LoginTest - Enter the Email Address
09:41:58.238 [main] INFO  testCases.TC01_LoginTest - Enter Password
09:41:58.997 [main] INFO  testCases.TC01_LoginTest - Click the the Sigin Button
09:41:59.190 [main] INFO  testCases.TC01_LoginTest - ********Sign to Data Portal Test Completed*********
09:42:02.690 [main] INFO  testCases.TC03_InstType - ********Starting Institution Type Test*********
09:42:02.691 [main] INFO  testCases.TC03_InstType - Define the LoginPage Driver
09:42:02.692 [main] INFO  testCases.TC03_InstType - Define the HomePage Driver
09:42:02.839 [main] INFO  testCases.TC03_InstType - Enter the Email Address
09:42:02.925 [main] INFO  testCases.TC03_InstType - Enter Password
09:42:04.126 [main] INFO  testCases.TC03_InstType - Click the the Sigin Button
09:42:04.432 [main] INFO  testCases.TC03_InstType - ********Institution Type Test Completed*********
10:45:47.023 [main] INFO  testCases.TC01_LoginTest - ********Starting Sign to Data Portal Test*********
10:45:47.090 [main] INFO  testCases.TC01_LoginTest - Define the LoginPage Driver
10:45:47.214 [main] INFO  testCases.TC01_LoginTest - Enter the Email Address
10:45:47.300 [main] INFO  testCases.TC01_LoginTest - Enter Password
10:45:48.077 [main] INFO  testCases.TC01_LoginTest - Click the the Sigin Button
10:45:48.206 [main] INFO  testCases.TC01_LoginTest - ********Sign to Data Portal Test Completed*********
10:45:53.600 [main] INFO  testCases.TC03_InstType - ********Starting Institution Type Test*********
10:45:53.602 [main] INFO  testCases.TC03_InstType - Define the LoginPage Driver
